Started GET "/" for 127.0.0.1 at 2017-12-21 15:00:49 +0900
Processing by Rails::WelcomeController#index as HTML
  Rendering /Users/dsk/.rbenv/versions/2.4.1/lib/ruby/gems/2.4.0/gems/railties-5.1.4/lib/rails/templates/rails/welcome/index.html.erb
  Rendered /Users/dsk/.rbenv/versions/2.4.1/lib/ruby/gems/2.4.0/gems/railties-5.1.4/lib/rails/templates/rails/welcome/index.html.erb (3.6ms)
Completed 200 OK in 246ms (Views: 10.4ms)


Started GET "/hello" for 127.0.0.1 at 2017-12-21 15:01:47 +0900
  
ActionController::RoutingError (No route matches [GET] "/hello"):
  
actionpack (5.1.4) lib/action_dispatch/middleware/debug_exceptions.rb:63:in `call'
web-console (3.5.1) lib/web_console/middleware.rb:135:in `call_app'
web-console (3.5.1) lib/web_console/middleware.rb:28:in `block in call'
web-console (3.5.1) lib/web_console/middleware.rb:18:in `catch'
web-console (3.5.1) lib/web_console/middleware.rb:18:in `call'
actionpack (5.1.4) lib/action_dispatch/middleware/show_exceptions.rb:31:in `call'
railties (5.1.4) lib/rails/rack/logger.rb:36:in `call_app'
railties (5.1.4) lib/rails/rack/logger.rb:24:in `block in call'
activesupport (5.1.4) lib/active_support/tagged_logging.rb:69:in `block in tagged'
activesupport (5.1.4) lib/active_support/tagged_logging.rb:26:in `tagged'
activesupport (5.1.4) lib/active_support/tagged_logging.rb:69:in `tagged'
railties (5.1.4) lib/rails/rack/logger.rb:24:in `call'
sprockets-rails (3.2.1) lib/sprockets/rails/quiet_assets.rb:13:in `call'
actionpack (5.1.4) lib/action_dispatch/middleware/remote_ip.rb:79:in `call'
actionpack (5.1.4) lib/action_dispatch/middleware/request_id.rb:25:in `call'
rack (2.0.3) lib/rack/method_override.rb:22:in `call'
rack (2.0.3) lib/rack/runtime.rb:22:in `call'
activesupport (5.1.4) lib/active_support/cache/strategy/local_cache_middleware.rb:27:in `call'
actionpack (5.1.4) lib/action_dispatch/middleware/executor.rb:12:in `call'
actionpack (5.1.4) lib/action_dispatch/middleware/static.rb:125:in `call'
rack (2.0.3) lib/rack/sendfile.rb:111:in `call'
railties (5.1.4) lib/rails/engine.rb:522:in `call'
puma (3.11.0) lib/puma/configuration.rb:225:in `call'
puma (3.11.0) lib/puma/server.rb:624:in `handle_request'
puma (3.11.0) lib/puma/server.rb:438:in `process_client'
puma (3.11.0) lib/puma/server.rb:302:in `block in run'
puma (3.11.0) lib/puma/thread_pool.rb:120:in `block in spawn_thread'
Started GET "/hello/" for 127.0.0.1 at 2017-12-21 15:01:51 +0900
  
ActionController::RoutingError (No route matches [GET] "/hello"):
  
actionpack (5.1.4) lib/action_dispatch/middleware/debug_exceptions.rb:63:in `call'
web-console (3.5.1) lib/web_console/middleware.rb:135:in `call_app'
web-console (3.5.1) lib/web_console/middleware.rb:28:in `block in call'
web-console (3.5.1) lib/web_console/middleware.rb:18:in `catch'
web-console (3.5.1) lib/web_console/middleware.rb:18:in `call'
actionpack (5.1.4) lib/action_dispatch/middleware/show_exceptions.rb:31:in `call'
railties (5.1.4) lib/rails/rack/logger.rb:36:in `call_app'
railties (5.1.4) lib/rails/rack/logger.rb:24:in `block in call'
activesupport (5.1.4) lib/active_support/tagged_logging.rb:69:in `block in tagged'
activesupport (5.1.4) lib/active_support/tagged_logging.rb:26:in `tagged'
activesupport (5.1.4) lib/active_support/tagged_logging.rb:69:in `tagged'
railties (5.1.4) lib/rails/rack/logger.rb:24:in `call'
sprockets-rails (3.2.1) lib/sprockets/rails/quiet_assets.rb:13:in `call'
actionpack (5.1.4) lib/action_dispatch/middleware/remote_ip.rb:79:in `call'
actionpack (5.1.4) lib/action_dispatch/middleware/request_id.rb:25:in `call'
rack (2.0.3) lib/rack/method_override.rb:22:in `call'
rack (2.0.3) lib/rack/runtime.rb:22:in `call'
activesupport (5.1.4) lib/active_support/cache/strategy/local_cache_middleware.rb:27:in `call'
actionpack (5.1.4) lib/action_dispatch/middleware/executor.rb:12:in `call'
actionpack (5.1.4) lib/action_dispatch/middleware/static.rb:125:in `call'
rack (2.0.3) lib/rack/sendfile.rb:111:in `call'
railties (5.1.4) lib/rails/engine.rb:522:in `call'
puma (3.11.0) lib/puma/configuration.rb:225:in `call'
puma (3.11.0) lib/puma/server.rb:624:in `handle_request'
puma (3.11.0) lib/puma/server.rb:438:in `process_client'
puma (3.11.0) lib/puma/server.rb:302:in `block in run'
puma (3.11.0) lib/puma/thread_pool.rb:120:in `block in spawn_thread'
Started GET "/hello/index" for 127.0.0.1 at 2017-12-21 15:01:54 +0900
Processing by HelloController#index as HTML
  Rendering hello/index.html.erb within layouts/application
  Rendered hello/index.html.erb within layouts/application (0.6ms)
Completed 200 OK in 606ms (Views: 466.7ms)


Started GET "/hello/index" for 127.0.0.1 at 2017-12-21 15:02:50 +0900
Processing by HelloController#index as HTML
  Rendering hello/index.html.erb within layouts/application
  Rendered hello/index.html.erb within layouts/application (1.7ms)
Completed 200 OK in 38ms (Views: 33.5ms)


Started GET "/hello/index" for 127.0.0.1 at 2017-12-21 15:03:05 +0900
Processing by HelloController#index as HTML
  Rendering hello/index.html.erb within layouts/application
  Rendered hello/index.html.erb within layouts/application (1.2ms)
Completed 200 OK in 46ms (Views: 43.5ms)


Started GET "/hello/index" for 127.0.0.1 at 2017-12-21 15:03:06 +0900
Processing by HelloController#index as HTML
  Rendering hello/index.html.erb within layouts/application
  Rendered hello/index.html.erb within layouts/application (1.5ms)
Completed 200 OK in 51ms (Views: 46.7ms)


Started GET "/hello/index" for 127.0.0.1 at 2017-12-21 15:03:06 +0900
Processing by HelloController#index as HTML
  Rendering hello/index.html.erb within layouts/application
  Rendered hello/index.html.erb within layouts/application (0.5ms)
Completed 200 OK in 34ms (Views: 31.1ms)


Started GET "/hello/index" for 127.0.0.1 at 2017-12-21 15:03:07 +0900
Processing by HelloController#index as HTML
  Rendering hello/index.html.erb within layouts/application
  Rendered hello/index.html.erb within layouts/application (0.7ms)
Completed 200 OK in 33ms (Views: 30.1ms)


Started GET "/hello/index" for 127.0.0.1 at 2017-12-21 15:03:08 +0900
Processing by HelloController#index as HTML
  Rendering hello/index.html.erb within layouts/application
  Rendered hello/index.html.erb within layouts/application (0.5ms)
Completed 200 OK in 32ms (Views: 28.7ms)


Started GET "/hello/index" for 127.0.0.1 at 2017-12-21 15:03:09 +0900
Processing by HelloController#index as HTML
  Rendering hello/index.html.erb within layouts/application
  Rendered hello/index.html.erb within layouts/application (0.7ms)
Completed 200 OK in 45ms (Views: 41.8ms)


Started GET "/hello/index" for 127.0.0.1 at 2017-12-21 15:03:10 +0900
Processing by HelloController#index as HTML
  Rendering hello/index.html.erb within layouts/application
  Rendered hello/index.html.erb within layouts/application (0.7ms)
Completed 200 OK in 32ms (Views: 27.7ms)


Started GET "/hello/index" for 127.0.0.1 at 2017-12-21 15:03:10 +0900
Processing by HelloController#index as HTML
  Rendering hello/index.html.erb within layouts/application
  Rendered hello/index.html.erb within layouts/application (0.5ms)
Completed 200 OK in 33ms (Views: 28.9ms)


Started GET "/hello/index" for 127.0.0.1 at 2017-12-21 15:03:11 +0900
Processing by HelloController#index as HTML
  Rendering hello/index.html.erb within layouts/application
  Rendered hello/index.html.erb within layouts/application (0.8ms)
Completed 200 OK in 26ms (Views: 23.5ms)


Started GET "/hello/index" for 127.0.0.1 at 2017-12-21 15:03:11 +0900
Processing by HelloController#index as HTML
  Rendering hello/index.html.erb within layouts/application
  Rendered hello/index.html.erb within layouts/application (0.6ms)
Completed 200 OK in 31ms (Views: 27.3ms)


Started GET "/hello/index" for 127.0.0.1 at 2017-12-21 15:03:11 +0900
Processing by HelloController#index as HTML
  Rendering hello/index.html.erb within layouts/application
  Rendered hello/index.html.erb within layouts/application (0.6ms)
Completed 200 OK in 34ms (Views: 30.2ms)


Started GET "/hello/index" for 127.0.0.1 at 2017-12-21 15:03:12 +0900
Processing by HelloController#index as HTML
  Rendering hello/index.html.erb within layouts/application
  Rendered hello/index.html.erb within layouts/application (1.5ms)
Completed 200 OK in 36ms (Views: 32.5ms)


Started GET "/hello/index" for 127.0.0.1 at 2017-12-21 15:03:12 +0900
Processing by HelloController#index as HTML
  Rendering hello/index.html.erb within layouts/application
  Rendered hello/index.html.erb within layouts/application (0.5ms)
Completed 200 OK in 37ms (Views: 33.2ms)


Started GET "/hello/index" for 127.0.0.1 at 2017-12-21 15:03:12 +0900
Processing by HelloController#index as HTML
  Rendering hello/index.html.erb within layouts/application
  Rendered hello/index.html.erb within layouts/application (0.6ms)
Completed 200 OK in 64ms (Views: 60.3ms)


Started GET "/hello/index" for 127.0.0.1 at 2017-12-21 15:03:13 +0900
Processing by HelloController#index as HTML
  Rendering hello/index.html.erb within layouts/application
  Rendered hello/index.html.erb within layouts/application (0.6ms)
Completed 200 OK in 45ms (Views: 40.8ms)


Started GET "/hello/index" for 127.0.0.1 at 2017-12-21 15:03:19 +0900
Processing by HelloController#index as HTML
  Rendering hello/index.html.erb within layouts/application
  Rendered hello/index.html.erb within layouts/application (0.6ms)
Completed 200 OK in 46ms (Views: 43.1ms)


Started GET "/hello/index" for 127.0.0.1 at 2017-12-21 15:04:17 +0900
Processing by HelloController#index as HTML
  Rendering hello/index.html.erb within layouts/application
  Rendered hello/index.html.erb within layouts/application (1.1ms)
Completed 200 OK in 40ms (Views: 30.1ms)


Started GET "/hello/index" for 127.0.0.1 at 2017-12-21 15:04:25 +0900
Processing by HelloController#index as HTML
  Rendering hello/index.html.erb within layouts/application
  Rendered hello/index.html.erb within layouts/application (0.7ms)
Completed 200 OK in 35ms (Views: 31.2ms)


Started GET "/hello/index" for 127.0.0.1 at 2017-12-21 15:04:26 +0900
Processing by HelloController#index as HTML
  Rendering hello/index.html.erb within layouts/application
  Rendered hello/index.html.erb within layouts/application (0.7ms)
Completed 200 OK in 29ms (Views: 25.3ms)


Started GET "/hello/index" for 127.0.0.1 at 2017-12-21 15:04:27 +0900
Processing by HelloController#index as HTML
  Rendering hello/index.html.erb within layouts/application
  Rendered hello/index.html.erb within layouts/application (0.6ms)
Completed 200 OK in 34ms (Views: 30.8ms)


Started GET "/hello/index" for 127.0.0.1 at 2017-12-21 15:04:27 +0900
Processing by HelloController#index as HTML
  Rendering hello/index.html.erb within layouts/application
  Rendered hello/index.html.erb within layouts/application (0.5ms)
Completed 200 OK in 30ms (Views: 26.3ms)


Started GET "/hello/index" for 127.0.0.1 at 2017-12-21 15:04:28 +0900
Processing by HelloController#index as HTML
  Rendering hello/index.html.erb within layouts/application
  Rendered hello/index.html.erb within layouts/application (0.5ms)
Completed 200 OK in 31ms (Views: 28.5ms)


Started GET "/hello/index" for 127.0.0.1 at 2017-12-21 15:04:29 +0900
Processing by HelloController#index as HTML
  Rendering hello/index.html.erb within layouts/application
  Rendered hello/index.html.erb within layouts/application (0.5ms)
Completed 200 OK in 32ms (Views: 28.7ms)


