Started GET "/" for 127.0.0.1 at 2017-12-21 13:08:10 +0900
Processing by Rails::WelcomeController#index as HTML
  Rendering /Users/dsk/.rbenv/versions/2.4.1/lib/ruby/gems/2.4.0/gems/railties-5.1.4/lib/rails/templates/rails/welcome/index.html.erb
  Rendered /Users/dsk/.rbenv/versions/2.4.1/lib/ruby/gems/2.4.0/gems/railties-5.1.4/lib/rails/templates/rails/welcome/index.html.erb (3.0ms)
Completed 200 OK in 149ms (Views: 8.5ms)


  [1m[35m (0.6ms)[0m  [1m[34mSELECT sqlite_version(*)[0m
  [1m[35m (2.4ms)[0m  [1m[35mCREATE TABLE "schema_migrations" ("version" varchar NOT NULL PRIMARY KEY)[0m
  [1m[35m (1.6ms)[0m  [1m[35mCREATE TABLE "ar_internal_metadata" ("key" varchar NOT NULL PRIMARY KEY, "value" varchar, "created_at" datetime NOT NULL, "updated_at" datetime NOT NULL)[0m
  [1m[35m (0.2ms)[0m  [1m[34mSELECT "schema_migrations"."version" FROM "schema_migrations" ORDER BY "schema_migrations"."version" ASC[0m
Migrating to CreateBooks (20171221045548)
  [1m[35m (0.1ms)[0m  [1m[36mbegin transaction[0m
  [1m[35m (1.0ms)[0m  [1m[35mCREATE TABLE "books" ("id" INTEGER PRIMARY KEY AUTOINCREMENT NOT NULL, "title" varchar, "memo" text, "author" varchar, "picture" varchar, "created_at" datetime NOT NULL, "updated_at" datetime NOT NULL)[0m
  [1m[35mSQL (1.0ms)[0m  [1m[32mINSERT INTO "schema_migrations" ("version") VALUES (?)[0m  [["version", "20171221045548"]]
  [1m[35m (1.1ms)[0m  [1m[36mcommit transaction[0m
  [1m[36mActiveRecord::InternalMetadata Load (0.2ms)[0m  [1m[34mSELECT  "ar_internal_metadata".* FROM "ar_internal_metadata" WHERE "ar_internal_metadata"."key" = ? LIMIT ?[0m  [["key", "environment"], ["LIMIT", 1]]
  [1m[35m (0.1ms)[0m  [1m[36mbegin transaction[0m
  [1m[35mSQL (1.1ms)[0m  [1m[32mINSERT INTO "ar_internal_metadata" ("key", "value", "created_at", "updated_at") VALUES (?, ?, ?, ?)[0m  [["key", "environment"], ["value", "development"], ["created_at", "2017-12-21 04:55:58.406394"], ["updated_at", "2017-12-21 04:55:58.406394"]]
  [1m[35m (2.0ms)[0m  [1m[36mcommit transaction[0m
  [1m[35m (0.2ms)[0m  [1m[34mSELECT "schema_migrations"."version" FROM "schema_migrations" ORDER BY "schema_migrations"."version" ASC[0m
Started GET "/" for 127.0.0.1 at 2017-12-21 13:56:08 +0900
  [1m[35m (0.2ms)[0m  [1m[34mSELECT "schema_migrations"."version" FROM "schema_migrations" ORDER BY "schema_migrations"."version" ASC[0m
Processing by Rails::WelcomeController#index as HTML
  Rendering /Users/dsk/.rbenv/versions/2.4.1/lib/ruby/gems/2.4.0/gems/railties-5.1.4/lib/rails/templates/rails/welcome/index.html.erb
  Rendered /Users/dsk/.rbenv/versions/2.4.1/lib/ruby/gems/2.4.0/gems/railties-5.1.4/lib/rails/templates/rails/welcome/index.html.erb (3.6ms)
Completed 200 OK in 27ms (Views: 14.3ms | ActiveRecord: 0.0ms)


Started GET "/books" for 127.0.0.1 at 2017-12-21 13:56:26 +0900
Processing by BooksController#index as HTML
  Rendering books/index.html.erb within layouts/application
  [1m[36mBook Load (0.2ms)[0m  [1m[34mSELECT "books".* FROM "books"[0m
  Rendered books/index.html.erb within layouts/application (7.1ms)
Completed 200 OK in 504ms (Views: 491.2ms | ActiveRecord: 1.2ms)


Started GET "/books/new" for 127.0.0.1 at 2017-12-21 13:56:38 +0900
Processing by BooksController#new as HTML
  Rendering books/new.html.erb within layouts/application
  Rendered books/_form.html.erb (34.6ms)
  Rendered books/new.html.erb within layouts/application (40.2ms)
Completed 200 OK in 99ms (Views: 73.5ms | ActiveRecord: 1.3ms)


Started POST "/books" for 127.0.0.1 at 2017-12-21 13:56:57 +0900
Processing by BooksController#create as HTML
  Parameters: {"utf8"=>"âœ“", "authenticity_token"=>"DRAwZqozPaMfzs9tiOizseJT/VFL3Xg5LK+795wHQOB2NjrhYqtdNUScd36r9w0jBh0hDEI0GPi72xiN6ExEZQ==", "book"=>{"title"=>"ã‚¿ã‚¤ãƒˆãƒ«ãƒ¼ãƒ¼", "memo"=>"ãƒ¡ãƒ¢ï¼ï¼", "author"=>"ç”°ä¸­", "picture"=>"çµµ"}, "commit"=>"Create Book"}
  [1m[35m (0.1ms)[0m  [1m[36mbegin transaction[0m
  [1m[35mSQL (0.8ms)[0m  [1m[32mINSERT INTO "books" ("title", "memo", "author", "picture", "created_at", "updated_at") VALUES (?, ?, ?, ?, ?, ?)[0m  [["title", "ã‚¿ã‚¤ãƒˆãƒ«ãƒ¼ãƒ¼"], ["memo", "ãƒ¡ãƒ¢ï¼ï¼"], ["author", "ç”°ä¸­"], ["picture", "çµµ"], ["created_at", "2017-12-21 04:56:57.628021"], ["updated_at", "2017-12-21 04:56:57.628021"]]
  [1m[35m (0.9ms)[0m  [1m[36mcommit transaction[0m
Redirected to http://localhost:3000/books/1
Completed 302 Found in 11ms (ActiveRecord: 1.9ms)


Started GET "/books/1" for 127.0.0.1 at 2017-12-21 13:56:57 +0900
Processing by BooksController#show as HTML
  Parameters: {"id"=>"1"}
  [1m[36mBook Load (0.4ms)[0m  [1m[34mSELECT  "books".* FROM "books" WHERE "books"."id" = ? LIMIT ?[0m  [["id", 1], ["LIMIT", 1]]
  Rendering books/show.html.erb within layouts/application
  Rendered books/show.html.erb within layouts/application (1.5ms)
Completed 200 OK in 54ms (Views: 37.8ms | ActiveRecord: 0.4ms)


Started GET "/books" for 127.0.0.1 at 2017-12-21 13:56:59 +0900
Processing by BooksController#index as HTML
  Rendering books/index.html.erb within layouts/application
  [1m[36mBook Load (0.5ms)[0m  [1m[34mSELECT "books".* FROM "books"[0m
  Rendered books/index.html.erb within layouts/application (3.0ms)
Completed 200 OK in 60ms (Views: 51.4ms | ActiveRecord: 0.5ms)


Started GET "/books/new" for 127.0.0.1 at 2017-12-21 13:57:01 +0900
Processing by BooksController#new as HTML
  Rendering books/new.html.erb within layouts/application
  Rendered books/_form.html.erb (5.0ms)
  Rendered books/new.html.erb within layouts/application (9.8ms)
Completed 200 OK in 78ms (Views: 71.1ms | ActiveRecord: 0.0ms)


Started POST "/books" for 127.0.0.1 at 2017-12-21 13:57:11 +0900
Processing by BooksController#create as HTML
  Parameters: {"utf8"=>"âœ“", "authenticity_token"=>"pS9a2+vln21htXLlFVJlkJMQRzS2ZCSKshlbVfyu1f3eCVBcI33/+zrnyvY2TdsCd16bab+NREslbfgviOXReA==", "book"=>{"title"=>"ã‚¿ã‚¤ãƒˆãƒ«ãƒ¼ãƒ¼ï¼’ï¼’ï¼’", "memo"=>"ãƒ¡ãƒ¢ï¼’ï¼’ï¼’", "author"=>"ã‚¹ã‚ºã‚­", "picture"=>"ç”»åƒï¼’"}, "commit"=>"Create Book"}
  [1m[35m (0.1ms)[0m  [1m[36mbegin transaction[0m
  [1m[35mSQL (0.7ms)[0m  [1m[32mINSERT INTO "books" ("title", "memo", "author", "picture", "created_at", "updated_at") VALUES (?, ?, ?, ?, ?, ?)[0m  [["title", "ã‚¿ã‚¤ãƒˆãƒ«ãƒ¼ãƒ¼ï¼’ï¼’ï¼’"], ["memo", "ãƒ¡ãƒ¢ï¼’ï¼’ï¼’"], ["author", "ã‚¹ã‚ºã‚­"], ["picture", "ç”»åƒï¼’"], ["created_at", "2017-12-21 04:57:11.757807"], ["updated_at", "2017-12-21 04:57:11.757807"]]
  [1m[35m (1.9ms)[0m  [1m[36mcommit transaction[0m
Redirected to http://localhost:3000/books/2
Completed 302 Found in 8ms (ActiveRecord: 2.7ms)


Started GET "/books/2" for 127.0.0.1 at 2017-12-21 13:57:11 +0900
Processing by BooksController#show as HTML
  Parameters: {"id"=>"2"}
  [1m[36mBook Load (1.1ms)[0m  [1m[34mSELECT  "books".* FROM "books" WHERE "books"."id" = ? LIMIT ?[0m  [["id", 2], ["LIMIT", 1]]
  Rendering books/show.html.erb within layouts/application
  Rendered books/show.html.erb within layouts/application (2.4ms)
Completed 200 OK in 62ms (Views: 53.3ms | ActiveRecord: 1.0ms)


Started GET "/books" for 127.0.0.1 at 2017-12-21 13:57:13 +0900
Processing by BooksController#index as HTML
  Rendering books/index.html.erb within layouts/application
  [1m[36mBook Load (0.3ms)[0m  [1m[34mSELECT "books".* FROM "books"[0m
  Rendered books/index.html.erb within layouts/application (7.3ms)
Completed 200 OK in 66ms (Views: 59.2ms | ActiveRecord: 0.3ms)


Started GET "/books" for 127.0.0.1 at 2017-12-21 14:02:04 +0900
  [1m[35m (0.1ms)[0m  [1m[34mSELECT "schema_migrations"."version" FROM "schema_migrations" ORDER BY "schema_migrations"."version" ASC[0m
Processing by BooksController#index as HTML
  Rendering books/index.html.erb within layouts/application
  [1m[36mBook Load (0.2ms)[0m  [1m[34mSELECT "books".* FROM "books"[0m
  Rendered books/index.html.erb within layouts/application (18.8ms)
Completed 200 OK in 215ms (Views: 188.7ms | ActiveRecord: 0.8ms)


Started GET "/books/new" for 127.0.0.1 at 2017-12-21 14:02:19 +0900
Processing by BooksController#new as HTML
  Rendering books/new.html.erb within layouts/application
  Rendered books/_form.html.erb (34.3ms)
  Rendered books/new.html.erb within layouts/application (40.3ms)
Completed 200 OK in 90ms (Views: 80.1ms | ActiveRecord: 0.0ms)


Started POST "/books" for 127.0.0.1 at 2017-12-21 14:02:40 +0900
Processing by BooksController#create as HTML
  Parameters: {"utf8"=>"âœ“", "authenticity_token"=>"l35MSsBWW1N6s2HD78zpAHZNXrBaLWe47wySU9sqRXvsWEbNCM47xSHh2dDM01eSkgOC7VPEB3l4eDEpr2FB/g==", "book"=>{"title"=>"aa", "memo"=>"bb", "author"=>"cc", "picture"=>#<ActionDispatch::Http::UploadedFile:0x007fcd456fd7d0 @tempfile=#<Tempfile:/var/folders/yc/_qj07hx104sc1d5129wh0cn40000gn/T/RackMultipart20171221-48307-ry3c19.png>, @original_filename="yahoo.png", @content_type="image/png", @headers="Content-Disposition: form-data; name=\"book[picture]\"; filename=\"yahoo.png\"\r\nContent-Type: image/png\r\n">}, "commit"=>"Create Book"}
  [1m[35m (0.1ms)[0m  [1m[36mbegin transaction[0m
  [1m[35mSQL (0.9ms)[0m  [1m[32mINSERT INTO "books" ("title", "memo", "author", "picture", "created_at", "updated_at") VALUES (?, ?, ?, ?, ?, ?)[0m  [["title", "aa"], ["memo", "bb"], ["author", "cc"], ["picture", "yahoo.png"], ["created_at", "2017-12-21 05:02:40.861996"], ["updated_at", "2017-12-21 05:02:40.861996"]]
  [1m[35m (5.3ms)[0m  [1m[36mcommit transaction[0m
Redirected to http://localhost:3000/books/3
Completed 302 Found in 31ms (ActiveRecord: 6.6ms)


Started GET "/books/3" for 127.0.0.1 at 2017-12-21 14:02:40 +0900
Processing by BooksController#show as HTML
  Parameters: {"id"=>"3"}
  [1m[36mBook Load (0.4ms)[0m  [1m[34mSELECT  "books".* FROM "books" WHERE "books"."id" = ? LIMIT ?[0m  [["id", 3], ["LIMIT", 1]]
  Rendering books/show.html.erb within layouts/application
  Rendered books/show.html.erb within layouts/application (1.6ms)
Completed 200 OK in 56ms (Views: 37.9ms | ActiveRecord: 0.4ms)


Started GET "/books" for 127.0.0.1 at 2017-12-21 14:02:43 +0900
Processing by BooksController#index as HTML
  Rendering books/index.html.erb within layouts/application
  [1m[36mBook Load (0.3ms)[0m  [1m[34mSELECT "books".* FROM "books"[0m
  Rendered books/index.html.erb within layouts/application (8.7ms)
Completed 200 OK in 59ms (Views: 47.4ms | ActiveRecord: 0.3ms)


Started GET "/books/3" for 127.0.0.1 at 2017-12-21 14:02:45 +0900
Processing by BooksController#show as HTML
  Parameters: {"id"=>"3"}
  [1m[36mBook Load (0.3ms)[0m  [1m[34mSELECT  "books".* FROM "books" WHERE "books"."id" = ? LIMIT ?[0m  [["id", 3], ["LIMIT", 1]]
  Rendering books/show.html.erb within layouts/application
  Rendered books/show.html.erb within layouts/application (2.7ms)
Completed 200 OK in 78ms (Views: 69.8ms | ActiveRecord: 0.3ms)


Started GET "/books/2" for 127.0.0.1 at 2017-12-21 14:02:47 +0900
Processing by BooksController#show as HTML
  Parameters: {"id"=>"2"}
  [1m[36mBook Load (0.3ms)[0m  [1m[34mSELECT  "books".* FROM "books" WHERE "books"."id" = ? LIMIT ?[0m  [["id", 2], ["LIMIT", 1]]
  Rendering books/show.html.erb within layouts/application
  Rendered books/show.html.erb within layouts/application (2.1ms)
Completed 200 OK in 78ms (Views: 58.4ms | ActiveRecord: 0.3ms)


Started GET "/books/3" for 127.0.0.1 at 2017-12-21 14:02:48 +0900
Processing by BooksController#show as HTML
  Parameters: {"id"=>"3"}
  [1m[36mBook Load (0.2ms)[0m  [1m[34mSELECT  "books".* FROM "books" WHERE "books"."id" = ? LIMIT ?[0m  [["id", 3], ["LIMIT", 1]]
  Rendering books/show.html.erb within layouts/application
  Rendered books/show.html.erb within layouts/application (1.9ms)
Completed 200 OK in 102ms (Views: 89.1ms | ActiveRecord: 0.2ms)


